<?xml version="1.0" encoding="UTF-8"?>
<testng-results ignored="0" total="4" passed="4" failed="0" skipped="0">
  <reporter-output>
  </reporter-output>
  <suite started-at="2025-07-02T00:58:20 IST" name="E-commerce Test Suite" finished-at="2025-07-02T00:58:47 IST" duration-ms="27238">
    <groups>
    </groups>
    <test started-at="2025-07-02T00:58:20 IST" name="Amazon India Tests" finished-at="2025-07-02T00:58:47 IST" duration-ms="27238">
      <class name="com.ecommerce.test.tests.SearchFunctionalityTest">
        <test-method is-config="true" signature="setup(java.lang.String)[pri:0, instance:com.ecommerce.test.tests.SearchFunctionalityTest@34bde49d]" started-at="2025-07-02T00:58:35 IST" name="setup" finished-at="2025-07-02T00:58:36 IST" duration-ms="712" status="PASS">
          <params>
            <param index="0">
              <value>
                <![CDATA[chrome]]>
              </value>
            </param>
          </params>
          <reporter-output>
          </reporter-output>
        </test-method> <!-- setup -->
        <test-method signature="testSearchFunctionality(java.lang.String,java.lang.String)[pri:0, instance:com.ecommerce.test.tests.SearchFunctionalityTest@34bde49d]" started-at="2025-07-02T00:58:36 IST" name="testSearchFunctionality" data-provider="searchData" finished-at="2025-07-02T00:58:41 IST" duration-ms="5306" status="PASS">
          <params>
            <param index="0">
              <value>
                <![CDATA[laptop]]>
              </value>
            </param>
            <param index="1">
              <value>
                <![CDATA[Valid]]>
              </value>
            </param>
          </params>
          <reporter-output>
          </reporter-output>
        </test-method> <!-- testSearchFunctionality -->
        <test-method is-config="true" signature="teardown()[pri:0, instance:com.ecommerce.test.tests.SearchFunctionalityTest@34bde49d]" started-at="2025-07-02T00:58:41 IST" name="teardown" finished-at="2025-07-02T00:58:41 IST" duration-ms="133" status="PASS">
          <reporter-output>
          </reporter-output>
        </test-method> <!-- teardown -->
        <test-method is-config="true" signature="setup(java.lang.String)[pri:0, instance:com.ecommerce.test.tests.SearchFunctionalityTest@34bde49d]" started-at="2025-07-02T00:58:41 IST" name="setup" finished-at="2025-07-02T00:58:42 IST" duration-ms="723" status="PASS">
          <params>
            <param index="0">
              <value>
                <![CDATA[chrome]]>
              </value>
            </param>
          </params>
          <reporter-output>
          </reporter-output>
        </test-method> <!-- setup -->
        <test-method signature="testSearchFunctionality(java.lang.String,java.lang.String)[pri:0, instance:com.ecommerce.test.tests.SearchFunctionalityTest@34bde49d]" started-at="2025-07-02T00:58:42 IST" name="testSearchFunctionality" data-provider="searchData" finished-at="2025-07-02T00:58:47 IST" duration-ms="4606" status="PASS">
          <params>
            <param index="0">
              <value>
                <![CDATA[asdfghjklqwertyuiop]]>
              </value>
            </param>
            <param index="1">
              <value>
                <![CDATA[Invalid]]>
              </value>
            </param>
          </params>
          <reporter-output>
          </reporter-output>
        </test-method> <!-- testSearchFunctionality -->
        <test-method is-config="true" signature="teardown()[pri:0, instance:com.ecommerce.test.tests.SearchFunctionalityTest@34bde49d]" started-at="2025-07-02T00:58:47 IST" name="teardown" finished-at="2025-07-02T00:58:47 IST" duration-ms="160" status="PASS">
          <reporter-output>
          </reporter-output>
        </test-method> <!-- teardown -->
      </class> <!-- com.ecommerce.test.tests.SearchFunctionalityTest -->
      <class name="com.ecommerce.test.tests.ProductSearchTest">
        <test-method is-config="true" signature="setup(java.lang.String)[pri:0, instance:com.ecommerce.test.tests.ProductSearchTest@17bffc17]" started-at="2025-07-02T00:58:20 IST" name="setup" finished-at="2025-07-02T00:58:21 IST" duration-ms="1561" status="PASS">
          <params>
            <param index="0">
              <value>
                <![CDATA[chrome]]>
              </value>
            </param>
          </params>
          <reporter-output>
          </reporter-output>
        </test-method> <!-- setup -->
        <test-method signature="testProductSearchAndExtractDetails()[pri:0, instance:com.ecommerce.test.tests.ProductSearchTest@17bffc17]" started-at="2025-07-02T00:58:21 IST" name="testProductSearchAndExtractDetails" finished-at="2025-07-02T00:58:27 IST" duration-ms="6154" status="PASS">
          <reporter-output>
          </reporter-output>
        </test-method> <!-- testProductSearchAndExtractDetails -->
        <test-method is-config="true" signature="teardown()[pri:0, instance:com.ecommerce.test.tests.ProductSearchTest@17bffc17]" started-at="2025-07-02T00:58:27 IST" name="teardown" finished-at="2025-07-02T00:58:28 IST" duration-ms="186" status="PASS">
          <reporter-output>
          </reporter-output>
        </test-method> <!-- teardown -->
      </class> <!-- com.ecommerce.test.tests.ProductSearchTest -->
      <class name="com.ecommerce.test.tests.ProductPageValidationTest">
        <test-method is-config="true" signature="setup(java.lang.String)[pri:0, instance:com.ecommerce.test.tests.ProductPageValidationTest@23f5b5dc]" started-at="2025-07-02T00:58:28 IST" name="setup" finished-at="2025-07-02T00:58:28 IST" duration-ms="799" status="PASS">
          <params>
            <param index="0">
              <value>
                <![CDATA[chrome]]>
              </value>
            </param>
          </params>
          <reporter-output>
          </reporter-output>
        </test-method> <!-- setup -->
        <test-method signature="testProductPageElements()[pri:0, instance:com.ecommerce.test.tests.ProductPageValidationTest@23f5b5dc]" started-at="2025-07-02T00:58:28 IST" name="testProductPageElements" finished-at="2025-07-02T00:58:35 IST" duration-ms="6657" status="PASS">
          <reporter-output>
          </reporter-output>
        </test-method> <!-- testProductPageElements -->
        <test-method is-config="true" signature="teardown()[pri:0, instance:com.ecommerce.test.tests.ProductPageValidationTest@23f5b5dc]" started-at="2025-07-02T00:58:35 IST" name="teardown" finished-at="2025-07-02T00:58:35 IST" duration-ms="184" status="PASS">
          <reporter-output>
          </reporter-output>
        </test-method> <!-- teardown -->
      </class> <!-- com.ecommerce.test.tests.ProductPageValidationTest -->
    </test> <!-- Amazon India Tests -->
  </suite> <!-- E-commerce Test Suite -->
</testng-results>
