<?xml version="1.0" encoding="UTF-8"?>
<!-- Generated by org.testng.reporters.JUnitXMLReporter -->
<testsuite ignored="0" hostname="Pranjal" failures="0" tests="4" name="Amazon India Tests" time="27.238" errors="0" timestamp="2025-07-02T00:58:47 IST">
  <testcase classname="com.ecommerce.test.tests.ProductSearchTest" name="testProductSearchAndExtractDetails" time="6.154"/>
  <testcase classname="com.ecommerce.test.tests.ProductPageValidationTest" name="testProductPageElements" time="6.657"/>
  <testcase classname="com.ecommerce.test.tests.SearchFunctionalityTest" name="testSearchFunctionality" time="5.306"/>
  <testcase classname="com.ecommerce.test.tests.SearchFunctionalityTest" name="testSearchFunctionality" time="4.606"/>
</testsuite> <!-- Amazon India Tests -->
